\BOOKMARK [0][-]{chapter.1}{\376\377\121\306\131\007\167\345\213\306}{}% 1
\BOOKMARK [1][-]{section.1.1}{\376\377\145\160\127\337}{chapter.1}% 2
\BOOKMARK [1][-]{section.1.2}{\376\377\127\337}{chapter.1}% 3
\BOOKMARK [1][-]{section.1.3}{\376\377\163\257}{chapter.1}% 4
\BOOKMARK [1][-]{section.1.4}{\376\377\124\014\140\001}{chapter.1}% 5
\BOOKMARK [1][-]{section.1.5}{\376\377\127\337\116\012\166\204\131\032\230\171\137\017\163\257}{chapter.1}% 6
\BOOKMARK [2][-]{subsection.1.5.1}{\376\377\147\000\131\047\121\154\126\340\137\017}{section.1.5}% 7
\BOOKMARK [2][-]{subsection.1.5.2}{\376\377\116\015\123\357\176\246\131\032\230\171\137\017}{section.1.5}% 8
\BOOKMARK [0][-]{chapter.2}{\376\377\127\337\166\204\142\151\137\040}{}% 9
\BOOKMARK [1][-]{section.2.1}{\376\377\142\151\127\337}{chapter.2}% 10
\BOOKMARK [1][-]{section.2.2}{\376\377\173\111\116\367\174\173\377\014\125\106\127\337}{chapter.2}% 11
\BOOKMARK [1][-]{section.2.3}{\376\377\136\162\127\337}{chapter.2}% 12
\BOOKMARK [1][-]{section.2.4}{\376\377\116\343\145\160\121\103\377\014\147\201\134\017\131\032\230\171\137\017}{chapter.2}% 13
\BOOKMARK [1][-]{section.2.5}{\376\377\134\072\211\304\117\134\126\376}{chapter.2}% 14
\BOOKMARK [0][-]{chapter.3}{\376\377\122\006\210\302\127\337}{}% 15
\BOOKMARK [0][-]{chapter.4}{\376\377\000\107\000\141\000\154\000\157\000\151\000\163\127\372\147\054\133\232\164\006}{}% 16
\BOOKMARK [1][-]{section.4.1}{\376\377\201\352\124\014\147\204\177\244}{chapter.4}% 17
\BOOKMARK [1][-]{section.4.2}{\376\377\000\107\000\141\000\154\000\157\000\151\000\163\127\372\147\054\133\232\164\006}{chapter.4}% 18
\BOOKMARK [0][-]{chapter.5}{\376\377\147\011\226\120\177\244}{}% 19
\BOOKMARK [1][-]{section.5.1}{\376\377\177\244}{chapter.5}% 20
\BOOKMARK [1][-]{section.5.2}{\376\377\153\143\211\304\133\120\177\244\116\016\125\106\177\244}{chapter.5}% 21
\BOOKMARK [0][-]{chapter.6}{\376\377\000\107\000\141\000\154\000\157\000\151\000\163\177\244\166\204\213\241\173\227}{}% 22
\BOOKMARK [1][-]{section.6.1}{\376\377\116\011\153\041\131\032\230\171\137\017\166\204\000\107\000\141\000\154\000\157\000\151\000\163\177\244}{chapter.6}% 23
\BOOKMARK [1][-]{section.6.2}{\376\377\126\333\153\041\131\032\230\171\137\017\166\204\000\107\000\141\000\154\000\157\000\151\000\163\177\244}{chapter.6}% 24
\BOOKMARK [0][-]{chapter.7}{\376\377\122\006\127\006\142\151\137\040\116\016\137\252\163\257\142\151\137\040}{}% 25
\BOOKMARK [1][-]{section.7.1}{\376\377\122\006\127\006\142\151\137\040}{chapter.7}% 26
\BOOKMARK [1][-]{section.7.2}{\376\377\137\252\163\257\142\151\137\040}{chapter.7}% 27
