Build started 2015/4/2 0:35:53.
     1>Project "C:\Users\Azure_figure\Desktop\s_mex\OpenCV\erodeimage\erodeimage\erodeimage.vcxproj" on node 2 (build target(s)).
     1>InitializeBuildStatus:
         Creating "Debug\erodeimage.unsuccessfulbuild" because "AlwaysCreate" was specified.
       ClCompile:
         L:\Program Files (x86)\Microsoft Visual Studio 10.0\VC\bin\CL.exe /c /ZI /nologo /W3 /WX- /Od /Oy- /D WIN32 /D _DEBUG /D _CONSOLE /D _UNICODE /D UNICODE /Gm /EHsc /RTC1 /MDd /GS /fp:precise /Zc:wchar_t /Zc:forScope /Fo"Debug\\" /Fd"Debug\vc100.pdb" /Gd /TP /analyze- /errorReport:prompt erode_image.cpp
         erode_image.cpp
       ManifestResourceCompile:
         All outputs are up-to-date.
       Link:
         L:\Program Files (x86)\Microsoft Visual Studio 10.0\VC\bin\link.exe /ERRORREPORT:PROMPT /OUT:"C:\Users\Azure_figure\Desktop\s_mex\OpenCV\erodeimage\Debug\erodeimage.exe" /INCREMENTAL /NOLOGO opencv_ml2410d.lib opencv_calib3d2410d.lib opencv_contrib2410d.lib opencv_core2410d.lib opencv_features2d2410d.lib opencv_flann2410d.lib opencv_gpu2410d.lib opencv_highgui2410d.lib opencv_imgproc2410d.lib opencv_legacy2410d.lib opencv_objdetect2410d.lib opencv_ts2410d.lib opencv_video2410d.lib opencv_nonfree2410d.lib opencv_ocl2410d.lib opencv_photo2410d.lib opencv_stitching2410d.lib opencv_superres2410d.lib opencv_videostab2410d.lib opencv_objdetect2410.lib opencv_ts2410.lib opencv_video2410.lib opencv_nonfree2410.lib opencv_ocl2410.lib opencv_photo2410.lib opencv_stitching2410.lib opencv_superres2410.lib opencv_videostab2410.lib opencv_calib3d2410.lib opencv_contrib2410.lib opencv_core2410.lib opencv_features2d2410.lib opencv_flann2410.lib opencv_gpu2410.lib opencv_highgui2410.lib opencv_imgproc2410.lib opencv_legacy2410.lib opencv_ml2410.lib kernel32.lib user32.lib gdi32.lib winspool.lib comdlg32.lib advapi32.lib shell32.lib ole32.lib oleaut32.lib uuid.lib odbc32.lib odbccp32.lib /MANIFEST /ManifestFile:"Debug\erodeimage.exe.intermediate.manifest" /MANIFESTUAC:"level='asInvoker' uiAccess='false'" /DEBUG /PDB:"C:\Users\Azure_figure\Desktop\s_mex\OpenCV\erodeimage\Debug\erodeimage.pdb" /SUBSYSTEM:CONSOLE /TLBID:1 /DYNAMICBASE /NXCOMPAT /IMPLIB:"C:\Users\Azure_figure\Desktop\s_mex\OpenCV\erodeimage\Debug\erodeimage.lib" /MACHINE:X86 Debug\erodeimage.exe.embed.manifest.res
         Debug\erode_image.obj
       Manifest:
         C:\Program Files (x86)\Microsoft SDKs\Windows\v7.0A\bin\mt.exe /nologo /verbose /out:"Debug\erodeimage.exe.embed.manifest" /manifest Debug\erodeimage.exe.intermediate.manifest
         All outputs are up-to-date.
       LinkEmbedManifest:
         All outputs are up-to-date.
         erodeimage.vcxproj -> C:\Users\Azure_figure\Desktop\s_mex\OpenCV\erodeimage\Debug\erodeimage.exe
       FinalizeBuildStatus:
         Deleting file "Debug\erodeimage.unsuccessfulbuild".
         Touching "Debug\erodeimage.lastbuildstate".
     1>Done Building Project "C:\Users\Azure_figure\Desktop\s_mex\OpenCV\erodeimage\erodeimage\erodeimage.vcxproj" (build target(s)).

Build succeeded.

Time Elapsed 00:00:03.48
