Build started 2015/3/29 22:10:13.
     1>Project "C:\Users\Administrator\Desktop\s_mex\handle2\handle2\handle2.vcxproj" on node 2 (build target(s)).
     1>InitializeBuildStatus:
         Creating "Release\handle2.unsuccessfulbuild" because "AlwaysCreate" was specified.
       ClCompile:
         D:\Program Files (x86)\Microsoft Visual Studio 10.0\VC\bin\CL.exe /c /Zi /nologo /W3 /WX- /O2 /Oi /Oy- /GL /D WIN32 /D NDEBUG /D _CONSOLE /D _UNICODE /D UNICODE /Gm- /EHsc /MD /GS /Gy /fp:precise /Zc:wchar_t /Zc:forScope /Fo"Release\\" /Fd"Release\vc100.pdb" /Gd /TP /analyze- /errorReport:prompt handle2.cpp
         handle2.cpp
       Link:
         D:\Program Files (x86)\Microsoft Visual Studio 10.0\VC\bin\link.exe /ERRORREPORT:PROMPT /OUT:"C:\Users\Administrator\Desktop\s_mex\handle2\Release\handle2.exe" /INCREMENTAL:NO /NOLOGO opencv_ml2410d.lib opencv_calib3d2410d.lib opencv_contrib2410d.lib opencv_core2410d.lib opencv_features2d2410d.lib opencv_flann2410d.lib opencv_gpu2410d.lib opencv_highgui2410d.lib opencv_imgproc2410d.lib opencv_legacy2410d.lib opencv_objdetect2410d.lib opencv_ts2410d.lib opencv_video2410d.lib opencv_nonfree2410d.lib opencv_ocl2410d.lib opencv_photo2410d.lib opencv_stitching2410d.lib opencv_superres2410d.lib opencv_videostab2410d.lib opencv_objdetect2410.lib opencv_ts2410.lib opencv_video2410.lib opencv_nonfree2410.lib opencv_ocl2410.lib opencv_photo2410.lib opencv_stitching2410.lib opencv_superres2410.lib opencv_videostab2410.lib opencv_calib3d2410.lib opencv_contrib2410.lib opencv_core2410.lib opencv_features2d2410.lib opencv_flann2410.lib opencv_gpu2410.lib opencv_highgui2410.lib opencv_imgproc2410.lib opencv_legacy2410.lib opencv_ml2410.lib kernel32.lib user32.lib gdi32.lib winspool.lib comdlg32.lib advapi32.lib shell32.lib ole32.lib oleaut32.lib uuid.lib odbc32.lib odbccp32.lib /MANIFEST /ManifestFile:"Release\handle2.exe.intermediate.manifest" /MANIFESTUAC:"level='asInvoker' uiAccess='false'" /DEBUG /PDB:"C:\Users\Administrator\Desktop\s_mex\handle2\Release\handle2.pdb" /SUBSYSTEM:CONSOLE /OPT:REF /OPT:ICF /LTCG /TLBID:1 /DYNAMICBASE /NXCOMPAT /IMPLIB:"C:\Users\Administrator\Desktop\s_mex\handle2\Release\handle2.lib" /MACHINE:X86 Release\handle2.obj
         Generating code
         Finished generating code
         handle2.vcxproj -> C:\Users\Administrator\Desktop\s_mex\handle2\Release\handle2.exe
       Manifest:
         c:\Program Files (x86)\Microsoft SDKs\Windows\v7.0A\bin\mt.exe /nologo /verbose /out:"C:\Users\Administrator\Desktop\s_mex\handle2\Release\handle2.exe.manifest" /manifest Release\handle2.exe.intermediate.manifest
       FinalizeBuildStatus:
         Deleting file "Release\handle2.unsuccessfulbuild".
         Touching "Release\handle2.lastbuildstate".
     1>Done Building Project "C:\Users\Administrator\Desktop\s_mex\handle2\handle2\handle2.vcxproj" (build target(s)).

Build succeeded.

Time Elapsed 00:00:00.58
